[
  {
    "level": "INFO",
    "message": "android.ndkVersion from module build.gradle is [23]"
  },
  {
    "level": "INFO",
    "message": "android.ndkPath from module build.gradle is not set"
  },
  {
    "level": "INFO",
    "message": "ndk.dir in local.properties is /home/hockeymikey/Android/Sdk/ndk/21.0.6113669"
  },
  {
    "level": "INFO",
    "message": "Not considering ANDROID_NDK_HOME because support was removed after deprecation period."
  },
  {
    "level": "INFO",
    "message": "sdkFolder is /home/hockeymikey/Android/Sdk"
  },
  {
    "level": "ERROR",
    "message": "Specified NDK version [23] does not have enough precision. Use major.minor.micro in version."
  }
]